17:15:55 **** Incremental Build of configuration Release for project TestImage_Detect ****
make all 
Building file: ../Main.cpp
Invoking: NVCC Compiler
/usr/local/cuda-6.5/bin/nvcc -O3 -ccbin /usr/bin/arm-linux-gnueabihf-g++-4.8 -gencode arch=compute_30,code=sm_30 -gencode arch=compute_32,code=sm_32  -odir "" -M -o "Main.d" "../Main.cpp"
../Main.cpp:4:30: fatal error: opencv2/opencv.hpp: No such file or directory
 #include "opencv2/opencv.hpp"
                              ^
compilation terminated.
make: *** [Main.o] Error 1
